Arguments: 
  /home/lucas/.nvm/versions/node/v15.7.0/bin/node /home/lucas/.nvm/versions/node/v15.7.0/bin/yarn add @types/extract-email-address

PATH: 
  /home/lucas/.nvm/versions/node/v15.7.0/bin:/home/lucas/.zinit/polaris/sbin:/home/lucas/.zinit/polaris/bin:/home/lucas/.asdf/shims:/home/lucas/.asdf/bin:/usr/local/sbin:/usr/local/bin:/usr/sbin:/usr/bin:/sbin:/bin:/usr/games:/usr/local/games:/snap/bin:/opt/sonar-scanner/bin:/home/lucas/.config/composer/vendor/bin

Yarn version: 
  1.22.10

Node version: 
  15.7.0

Platform: 
  linux x64

Trace: 
  Error: https://registry.yarnpkg.com/@types%2fextract-email-address: Not found
      at Request.params.callback [as _callback] (/home/lucas/.nvm/versions/node/v15.7.0/lib/node_modules/yarn/lib/cli.js:66988:18)
      at Request.self.callback (/home/lucas/.nvm/versions/node/v15.7.0/lib/node_modules/yarn/lib/cli.js:140662:22)
      at Request.emit (node:events:379:20)
      at Request.<anonymous> (/home/lucas/.nvm/versions/node/v15.7.0/lib/node_modules/yarn/lib/cli.js:141634:10)
      at Request.emit (node:events:379:20)
      at IncomingMessage.<anonymous> (/home/lucas/.nvm/versions/node/v15.7.0/lib/node_modules/yarn/lib/cli.js:141556:12)
      at Object.onceWrapper (node:events:485:28)
      at IncomingMessage.emit (node:events:391:22)
      at endReadableNT (node:internal/streams/readable:1307:12)
      at processTicksAndRejections (node:internal/process/task_queues:81:21)

npm manifest: 
  {
    "name": "desafio",
    "version": "1.0.0",
    "main": "index.js",
    "license": "MIT",
    "dependencies": {
      "csv": "^5.3.2",
      "csv-parser": "^3.0.0",
      "csvtojson": "^2.0.10",
      "extract-email-address": "^1.4.0",
      "global": "^4.4.0",
      "google-libphonenumber": "^3.2.16",
      "lodash": "^4.17.20"
    }
  }

yarn manifest: 
  No manifest

Lockfile: 
  # THIS IS AN AUTOGENERATED FILE. DO NOT EDIT THIS FILE DIRECTLY.
  # yarn lockfile v1
  
  
  bluebird@^3.5.1:
    version "3.7.2"
    resolved "https://registry.yarnpkg.com/bluebird/-/bluebird-3.7.2.tgz#9f229c15be272454ffa973ace0dbee79a1b0c36f"
    integrity sha512-XpNj6GDQzdfW+r2Wnn7xiSAd7TM3jzkxGXBGTtWKuSXv1xUV+azxAm8jdWZN06QTQk+2N2XB9jRDkvbmQmcRtg==
  
  csv-generate@^3.2.4:
    version "3.3.0"
    resolved "https://registry.yarnpkg.com/csv-generate/-/csv-generate-3.3.0.tgz#0e25658f1bb9806d94fec7b270896a35c7eedf1a"
    integrity sha512-EXSru4QwEWKwM7wwsJbhrZC+mHEJrhQFoXlohHs80CAU8Qhlv9gaw1sjzNiC3Hr3oUx5skDmEiAlz+tnKWV0RA==
  
  csv-parse@^4.8.8:
    version "4.15.1"
    resolved "https://registry.yarnpkg.com/csv-parse/-/csv-parse-4.15.1.tgz#fc5a0a1b24eaa6d4c24892daa387c46f7f92f8d2"
    integrity sha512-TXIvRtNp0fqMJbk3yPR35bQIDzMH4khDwduElzE7Fl1wgnl25mnWYLSLqd/wS5GsDoX1rWtysivEYMNsz5jKwQ==
  
  csv-parser@^3.0.0:
    version "3.0.0"
    resolved "https://registry.yarnpkg.com/csv-parser/-/csv-parser-3.0.0.tgz#b88a6256d79e090a97a1b56451f9327b01d710e7"
    integrity sha512-s6OYSXAK3IdKqYO33y09jhypG/bSDHPuyCme/IdEHfWpLf/jKcpitVFyOC6UemgGk8v7Q5u2XE0vvwmanxhGlQ==
    dependencies:
      minimist "^1.2.0"
  
  csv-stringify@^5.3.6:
    version "5.6.1"
    resolved "https://registry.yarnpkg.com/csv-stringify/-/csv-stringify-5.6.1.tgz#d790bca20f20ed5a8887a3dce3ac458d611cd2e0"
    integrity sha512-JlQlNZMiuRGSFbLXFNGoBtsORXlkqf4Dfq8Ee0Jo4RVJj3YAUzevagUx24mDrQJLDF7aYz6Ne8kqA8WWBaYt2A==
  
  csv@^5.3.2:
    version "5.3.2"
    resolved "https://registry.yarnpkg.com/csv/-/csv-5.3.2.tgz#50b344e25dfbb8c62684a1bcec18c22468b2161e"
    integrity sha512-odDyucr9OgJTdGM2wrMbJXbOkJx3nnUX3Pt8SFOwlAMOpsUQlz1dywvLMXJWX/4Ib0rjfOsaawuuwfI5ucqBGQ==
    dependencies:
      csv-generate "^3.2.4"
      csv-parse "^4.8.8"
      csv-stringify "^5.3.6"
      stream-transform "^2.0.1"
  
  csvtojson@^2.0.10:
    version "2.0.10"
    resolved "https://registry.yarnpkg.com/csvtojson/-/csvtojson-2.0.10.tgz#11e7242cc630da54efce7958a45f443210357574"
    integrity sha512-lUWFxGKyhraKCW8Qghz6Z0f2l/PqB1W3AO0HKJzGIQ5JRSlR651ekJDiGJbBT4sRNNv5ddnSGVEnsxP9XRCVpQ==
    dependencies:
      bluebird "^3.5.1"
      lodash "^4.17.3"
      strip-bom "^2.0.0"
  
  dom-walk@^0.1.0:
    version "0.1.2"
    resolved "https://registry.yarnpkg.com/dom-walk/-/dom-walk-0.1.2.tgz#0c548bef048f4d1f2a97249002236060daa3fd84"
    integrity sha512-6QvTW9mrGeIegrFXdtQi9pk7O/nSK6lSdXW2eqUspN5LWD7UTji2Fqw5V2YLjBpHEoU9Xl/eUWNpDeZvoyOv2w==
  
  emoji-regex@^9.0.0:
    version "9.2.1"
    resolved "https://registry.yarnpkg.com/emoji-regex/-/emoji-regex-9.2.1.tgz#c9b25604256bb3428964bead3ab63069d736f7ee"
    integrity sha512-117l1H6U4X3Krn+MrzYrL57d5H7siRHWraBs7s+LjRuFK7Fe7hJqnJ0skWlinqsycVLU5YAo6L8CsEYQ0V5prg==
  
  extract-email-address@^1.4.0:
    version "1.4.0"
    resolved "https://registry.yarnpkg.com/extract-email-address/-/extract-email-address-1.4.0.tgz#ad3765408da12959e81da56675c8eeae65a5508c"
    integrity sha512-2vbKqrX7I/Cbkbe/1Rymxno3aodlrtl/ATgkdyELRzDYvhXHAwP7v1GJFPvv8276yZzZJFPmgSWRVGwkj5Fc+Q==
    dependencies:
      emoji-regex "^9.0.0"
      tlds "^1.207.0"
  
  global@^4.4.0:
    version "4.4.0"
    resolved "https://registry.yarnpkg.com/global/-/global-4.4.0.tgz#3e7b105179006a323ed71aafca3e9c57a5cc6406"
    integrity sha512-wv/LAoHdRE3BeTGz53FAamhGlPLhlssK45usmGFThIi4XqnBmjKQ16u+RNbP7WvigRZDxUsM0J3gcQ5yicaL0w==
    dependencies:
      min-document "^2.19.0"
      process "^0.11.10"
  
  google-libphonenumber@^3.2.16:
    version "3.2.16"
    resolved "https://registry.yarnpkg.com/google-libphonenumber/-/google-libphonenumber-3.2.16.tgz#9c10f03f7d3c0493445f55d831284a0ed7135979"
    integrity sha512-9Gzn78fJvCuNPYnbmUFFLhL0A4qBbSBs11+3cLKNuZX3lWKJ+1pSVS0C2bq0Yjq00cW2e8LZkHAxl+MQRGxGWA==
  
  is-utf8@^0.2.0:
    version "0.2.1"
    resolved "https://registry.yarnpkg.com/is-utf8/-/is-utf8-0.2.1.tgz#4b0da1442104d1b336340e80797e865cf39f7d72"
    integrity sha1-Sw2hRCEE0bM2NA6AeX6GXPOffXI=
  
  lodash@^4.17.20, lodash@^4.17.3:
    version "4.17.20"
    resolved "https://registry.yarnpkg.com/lodash/-/lodash-4.17.20.tgz#b44a9b6297bcb698f1c51a3545a2b3b368d59c52"
    integrity sha512-PlhdFcillOINfeV7Ni6oF1TAEayyZBoZ8bcshTHqOYJYlrqzRK5hagpagky5o4HfCzzd1TRkXPMFq6cKk9rGmA==
  
  min-document@^2.19.0:
    version "2.19.0"
    resolved "https://registry.yarnpkg.com/min-document/-/min-document-2.19.0.tgz#7bd282e3f5842ed295bb748cdd9f1ffa2c824685"
    integrity sha1-e9KC4/WELtKVu3SM3Z8f+iyCRoU=
    dependencies:
      dom-walk "^0.1.0"
  
  minimist@^1.2.0:
    version "1.2.5"
    resolved "https://registry.yarnpkg.com/minimist/-/minimist-1.2.5.tgz#67d66014b66a6a8aaa0c083c5fd58df4e4e97602"
    integrity sha512-FM9nNUYrRBAELZQT3xeZQ7fmMOBg6nWNmJKTcgsJeaLstP/UODVpGsr5OhXhhXg6f+qtJ8uiZ+PUxkDWcgIXLw==
  
  mixme@^0.4.0:
    version "0.4.0"
    resolved "https://registry.yarnpkg.com/mixme/-/mixme-0.4.0.tgz#a1aee27f0d63cc905e1cc6ddc98abf94d414435e"
    integrity sha512-B4Sm1CDC5+ov5AYxSkyeT5HLtiDgNOLKwFlq34wr8E2O3zRdTvQiLzo599Jt9cir6VJrSenOlgvdooVYCQJIYw==
  
  process@^0.11.10:
    version "0.11.10"
    resolved "https://registry.yarnpkg.com/process/-/process-0.11.10.tgz#7332300e840161bda3e69a1d1d91a7d4bc16f182"
    integrity sha1-czIwDoQBYb2j5podHZGn1LwW8YI=
  
  stream-transform@^2.0.1:
    version "2.0.4"
    resolved "https://registry.yarnpkg.com/stream-transform/-/stream-transform-2.0.4.tgz#911ff7556d1e25c237e95d783f6739d9e0b4a61c"
    integrity sha512-LQXH1pUksoef5Ijo6+2ihnjLLZtZuoqu1vhut6a7xZ77nrLA/shbbx2FAzVC/nkb6wwrPzOO98700mv4HDQcWg==
    dependencies:
      mixme "^0.4.0"
  
  strip-bom@^2.0.0:
    version "2.0.0"
    resolved "https://registry.yarnpkg.com/strip-bom/-/strip-bom-2.0.0.tgz#6219a85616520491f35788bdbf1447a99c7e6b0e"
    integrity sha1-YhmoVhZSBJHzV4i9vxRHqZx+aw4=
    dependencies:
      is-utf8 "^0.2.0"
  
  tlds@^1.207.0:
    version "1.217.0"
    resolved "https://registry.yarnpkg.com/tlds/-/tlds-1.217.0.tgz#194df180ab5ed41b439745991d4a84a93887cb7d"
    integrity sha512-iRVizGqUFSBRwScghTSJyRkkEXqLAO17nFwlVcmsNHPDdpE+owH91wDUmZXZfJ4UdBYuVSm7kyAXZo0c4X7GFQ==
